<?xml version="1.0" encoding="UTF-8"?>
<!-- Generated by org.testng.reporters.JUnitReportReporter -->
<testsuite skipped="0" hostname="DESKTOP-PC5DVJ2" name="com.retail.qa.testcases.HomePageTest" tests="2" failures="0" timestamp="2020-09-13T11:13:19 IST" time="47.937" errors="0">
  <testcase name="HomePageTitleTest" time="20.450" classname="com.retail.qa.testcases.HomePageTest"/>
  <system-out/>
  <testcase name="SignInTest" time="27.487" classname="com.retail.qa.testcases.HomePageTest"/>
  <system-out/>
</testsuite> <!-- com.retail.qa.testcases.HomePageTest -->
