<?xml version="1.0" encoding="UTF-8"?>
<!-- Generated by org.testng.reporters.JUnitReportReporter -->
<testsuite skipped="0" hostname="DESKTOP-PC5DVJ2" name="E2EFramework.automationpractice.AppTest" tests="1" failures="0" timestamp="2020-09-13T11:00:48 IST" time="0.001" errors="0">
  <testcase name="shouldAnswerWithTrue" time="0.001" classname="E2EFramework.automationpractice.AppTest"/>
  <system-out/>
</testsuite> <!-- E2EFramework.automationpractice.AppTest -->
