<?xml version="1.0" encoding="UTF-8"?>
<!-- Generated by org.testng.reporters.JUnitReportReporter -->
<testsuite skipped="0" hostname="DESKTOP-PC5DVJ2" name="com.retail.qa.testcases.CreateAccountTests" tests="1" failures="0" timestamp="2020-09-13T11:00:48 IST" time="12.332" errors="0">
  <testcase name="caTitleTest" time="12.332" classname="com.retail.qa.testcases.CreateAccountTests"/>
  <system-out/>
</testsuite> <!-- com.retail.qa.testcases.CreateAccountTests -->
